11-Jan-2019, 11:28:45 info: Vessel(10004) client has connected
11-Jan-2019, 11:28:46 info: Vessel(10001) client has connected
11-Jan-2019, 11:28:48 info: Received File asdf - Copy.rar vessel 10004
11-Jan-2019, 11:28:49 info: Received File asdf - Copy.rar vessel 10004
11-Jan-2019, 11:28:49 info: Received File asdf - Copy.rar vessel 10004
11-Jan-2019, 11:28:50 info: Received File asdf - Copy.rar vessel 10004
11-Jan-2019, 11:28:50 info: Received File asdf.rar vessel 10004
11-Jan-2019, 11:28:51 info: Received File crew - Copy.png vessel 10004
11-Jan-2019, 11:28:52 info: Received File crew.png vessel 10004
11-Jan-2019, 11:28:52 info: Received File gh - Copy.pdf vessel 10004
11-Jan-2019, 11:28:53 info: Received File gh.pdf vessel 10004
11-Jan-2019, 11:28:53 info: Received File newPDF - Copy.pdf vessel 10004
11-Jan-2019, 11:28:54 info: Received File newPDF.pdf vessel 10004
11-Jan-2019, 11:28:55 info: Received File out - Copy.pdf vessel 10004
11-Jan-2019, 11:28:55 info: Received File out.pdf vessel 10004
11-Jan-2019, 11:28:56 info: Received File pdfVal - Copy.rar vessel 10004
11-Jan-2019, 11:28:57 info: Received File pdfVal.rar vessel 10004
11-Jan-2019, 11:28:57 info: Received File pdfVal.rar - Copy.gz vessel 10004
11-Jan-2019, 11:28:58 info: Received File pdfVal.rar.gz vessel 10004
11-Jan-2019, 11:28:58 info: Received File role - Copy.docx vessel 10004
11-Jan-2019, 11:28:59 info: Received File role - Copy.rar vessel 10004
11-Jan-2019, 11:29:00 info: Received File role.docx vessel 10004
11-Jan-2019, 11:29:00 info: Received File role.rar vessel 10004
11-Jan-2019, 11:29:01 info: Received File sample - Copy.xlsx vessel 10004
11-Jan-2019, 11:29:01 info: Received File sample.xlsx vessel 10004
11-Jan-2019, 11:29:15 info: Sending File - asdf - Copy.rar
11-Jan-2019, 11:29:15 info: 10004 has received asdf - Copy.rar
11-Jan-2019, 11:29:16 info: Sending File - asdf.rar
11-Jan-2019, 11:29:17 info: 10004 has received asdf.rar
11-Jan-2019, 11:29:17 info: Received File crew - Copy.png vessel 10004
11-Jan-2019, 11:29:17 info: Received File crew - Copy.png vessel 10004
11-Jan-2019, 11:29:18 info: Received File asdf.rar vessel 10004
11-Jan-2019, 11:29:18 info: Sending File - crew - Copy.png
11-Jan-2019, 11:29:18 info: 10004 has received crew - Copy.png
11-Jan-2019, 11:29:19 info: Received File asdf.rar vessel 10004
11-Jan-2019, 11:29:19 info: Received File gh - Copy.pdf vessel 10004
11-Jan-2019, 11:29:19 info: Sending File - crew.png
11-Jan-2019, 11:29:19 info: 10004 has received crew.png
11-Jan-2019, 11:29:19 info: Received File gh.pdf vessel 10004
11-Jan-2019, 11:29:20 info: Sending File - gh - Copy.pdf
11-Jan-2019, 11:29:20 info: 10004 has received gh - Copy.pdf
11-Jan-2019, 11:29:20 info: Received File out - Copy.pdf vessel 10004
11-Jan-2019, 11:29:20 info: Received File out.pdf vessel 10004
11-Jan-2019, 11:29:21 info: Sending File - gh.pdf
11-Jan-2019, 11:29:21 info: 10004 has received gh.pdf
11-Jan-2019, 11:29:22 info: Received File pdfVal.rar - Copy.gz vessel 10004
11-Jan-2019, 11:29:22 info: Sending File - newPDF - Copy.pdf
11-Jan-2019, 11:29:22 info: 10004 has received newPDF - Copy.pdf
11-Jan-2019, 11:29:22 info: Received File pdfVal.rar.gz vessel 10004
11-Jan-2019, 11:29:23 info: Received File role.docx vessel 10004
11-Jan-2019, 11:29:23 info: Sending File - newPDF.pdf
11-Jan-2019, 11:29:23 info: 10004 has received newPDF.pdf
11-Jan-2019, 11:29:24 info: Received File role.rar vessel 10004
11-Jan-2019, 11:29:24 info: Sending File - out - Copy.pdf
11-Jan-2019, 11:29:24 info: 10004 has received out - Copy.pdf
11-Jan-2019, 11:29:25 info: Sending File - out.pdf
11-Jan-2019, 11:29:25 info: 10004 has received out.pdf
11-Jan-2019, 11:29:26 info: Sending File - pdfVal - Copy.rar
11-Jan-2019, 11:29:27 info: 10004 has received pdfVal - Copy.rar
11-Jan-2019, 11:29:28 info: Sending File - pdfVal.rar
11-Jan-2019, 11:29:28 info: 10004 has received pdfVal.rar
11-Jan-2019, 11:29:29 info: Sending File - pdfVal.rar - Copy.gz
11-Jan-2019, 11:29:29 info: 10004 has received pdfVal.rar - Copy.gz
11-Jan-2019, 11:29:30 info: Sending File - pdfVal.rar.gz
11-Jan-2019, 11:29:30 info: 10004 has received pdfVal.rar.gz
11-Jan-2019, 11:29:31 info: Sending File - role - Copy.docx
11-Jan-2019, 11:29:31 info: 10004 has received role - Copy.docx
11-Jan-2019, 11:29:32 info: Sending File - role - Copy.rar
11-Jan-2019, 11:29:32 info: 10004 has received role - Copy.rar
11-Jan-2019, 11:29:33 info: Sending File - role.docx
11-Jan-2019, 11:29:33 info: 10004 has received role.docx
11-Jan-2019, 11:29:34 info: Sending File - role.rar
11-Jan-2019, 11:29:34 info: 10004 has received role.rar
11-Jan-2019, 11:29:35 info: Sending File - sample - Copy.xlsx
11-Jan-2019, 11:29:35 info: 10004 has received sample - Copy.xlsx
11-Jan-2019, 11:29:36 info: Sending File - sample.xlsx
11-Jan-2019, 11:29:36 info: 10004 has received sample.xlsx
11-Jan-2019, 11:29:45 info: Sending File - asdf.rar
11-Jan-2019, 11:29:45 info: 10004 has received asdf.rar
11-Jan-2019, 11:29:47 info: Received File newPDF - Copy.pdf vessel 10004
11-Jan-2019, 11:29:47 info: Received File newPDF - Copy.pdf vessel 10004
11-Jan-2019, 11:29:47 info: Received File crew.png vessel 10004
11-Jan-2019, 11:29:47 info: Received File crew.png vessel 10004
11-Jan-2019, 11:29:49 info: Received File pdfVal - Copy.rar vessel 10004
11-Jan-2019, 11:29:49 info: Received File pdfVal.rar vessel 10004
11-Jan-2019, 11:29:50 info: Received File sample - Copy.xlsx vessel 10004
11-Jan-2019, 11:29:51 info: Received File sample.xlsx vessel 10004
11-Jan-2019, 11:29:54 info: User was disconnected transport close
11-Jan-2019, 11:30:15 info: Sending File - crew.png
11-Jan-2019, 11:30:15 info: 10004 has received crew.png
11-Jan-2019, 11:30:16 info: Sending File - newPDF - Copy.pdf
11-Jan-2019, 11:30:16 info: 10004 has received newPDF - Copy.pdf
11-Jan-2019, 11:30:17 info: Sending File - pdfVal - Copy.rar
11-Jan-2019, 11:30:17 info: 10004 has received pdfVal - Copy.rar
11-Jan-2019, 11:30:18 info: Sending File - pdfVal.rar
11-Jan-2019, 11:30:18 info: 10004 has received pdfVal.rar
11-Jan-2019, 11:30:19 info: Sending File - sample - Copy.xlsx
11-Jan-2019, 11:30:19 info: 10004 has received sample - Copy.xlsx
11-Jan-2019, 11:30:20 info: Sending File - sample.xlsx
11-Jan-2019, 11:30:20 info: 10004 has received sample.xlsx
11-Jan-2019, 11:30:32 info: Vessel(10001) client has connected
11-Jan-2019, 11:30:33 info: Received File role - Copy.docx vessel 10004
11-Jan-2019, 11:30:33 info: Received File newPDF.pdf vessel 10004
11-Jan-2019, 11:30:34 info: Received File role - Copy.rar vessel 10004
11-Jan-2019, 11:30:45 info: Sending File - newPDF.pdf
11-Jan-2019, 11:30:45 info: 10004 has received newPDF.pdf
11-Jan-2019, 11:30:46 info: Sending File - role - Copy.docx
11-Jan-2019, 11:30:46 info: 10004 has received role - Copy.docx
11-Jan-2019, 11:30:47 info: Sending File - role - Copy.rar
11-Jan-2019, 11:30:47 info: 10004 has received role - Copy.rar
11-Jan-2019, 11:31:03 info: Received File final-socket-client.rar vessel 10004
11-Jan-2019, 11:31:15 info: Sending File - final-socket-client.rar
11-Jan-2019, 11:31:15 info: 10004 has received final-socket-client.rar
11-Jan-2019, 11:31:51 info: User was disconnected transport close
11-Jan-2019, 11:31:54 info: Vessel(10001) client has connected
11-Jan-2019, 11:31:55 info: Received File final_s12ocket_client.rar vessel sendFiles
11-Jan-2019, 11:32:24 info: User was disconnected transport close
11-Jan-2019, 11:32:26 info: Vessel(10001) client has connected
11-Jan-2019, 11:32:27 info: Received File final_s12ocket_client.rar vessel 10004
11-Jan-2019, 11:32:32 info: User was disconnected transport close
11-Jan-2019, 11:32:35 info: Vessel(10001) client has connected
11-Jan-2019, 11:32:45 info: Sending File - final_s12ocket_client.rar
11-Jan-2019, 11:32:45 info: 10004 has received final_s12ocket_client.rar
11-Jan-2019, 11:33:06 info: Received File final_s12ocket_client.rar vessel 10003
11-Jan-2019, 11:33:06 info: Received File final_s12ocket_client.rar vessel 10004
11-Jan-2019, 11:33:15 info: Sending File - final_s12ocket_client.rar
11-Jan-2019, 11:33:15 info: 10004 has received final_s12ocket_client.rar
11-Jan-2019, 11:33:36 info: Received File final-socket-client.rar vessel 10003
11-Jan-2019, 11:33:37 info: Received File final_s12ocket_client.rar vessel undefined
11-Jan-2019, 11:34:19 info: Vessel(10001) client has connected
11-Jan-2019, 11:34:29 info: User was disconnected ping timeout
11-Jan-2019, 11:34:49 info: User was disconnected ping timeout
11-Jan-2019, 11:49:46 info: Vessel(10001) client has connected
11-Jan-2019, 11:50:17 info: Vessel(10001) client has connected
11-Jan-2019, 11:50:17 info: Received File final_s12ocket_client.rar vessel 10003
11-Jan-2019, 11:50:17 info: Received File final_s12ocket_client.rar vessel 10004
11-Jan-2019, 11:50:23 info: User was disconnected ping timeout
11-Jan-2019, 11:50:45 info: Sending File - final_s12ocket_client.rar
11-Jan-2019, 11:50:45 info: 10004 has received final_s12ocket_client.rar
11-Jan-2019, 11:50:57 info: User was disconnected ping timeout
11-Jan-2019, 11:53:32 info: Vessel(10004) client has connected
11-Jan-2019, 11:53:37 info: Vessel(10004) client has connected
11-Jan-2019, 11:53:41 info: Vessel(10004) client has connected
11-Jan-2019, 11:53:48 info: Vessel(10004) client has connected
11-Jan-2019, 11:54:18 info: Sending File - final-socket-client.rar
11-Jan-2019, 11:54:18 info: 10004 has received final-socket-client.rar
11-Jan-2019, 11:54:19 info: Sending File - final_s12ocket_client.rar
11-Jan-2019, 11:54:19 info: 10004 has received final_s12ocket_client.rar
11-Jan-2019, 11:58:24 info: Received File asdf - Copy.rar vessel 10001
11-Jan-2019, 11:58:26 info: Received File asdf.rar vessel 10001
11-Jan-2019, 11:58:27 info: Received File crew - Copy.png vessel 10001
11-Jan-2019, 11:58:27 info: Received File crew.png vessel 10001
11-Jan-2019, 11:58:28 info: Received File final_s12ocket_client.rar vessel 10001
11-Jan-2019, 11:58:29 info: Received File gh - Copy.pdf vessel 10001
11-Jan-2019, 11:58:30 info: Received File gh.pdf vessel 10001
11-Jan-2019, 11:58:31 info: Received File newPDF - Copy.pdf vessel 10001
11-Jan-2019, 11:58:32 info: Received File final-socket-client.rar vessel 10001
11-Jan-2019, 11:58:33 info: Received File out - Copy.pdf vessel 10001
11-Jan-2019, 11:58:33 info: Received File newPDF.pdf vessel 10001
11-Jan-2019, 11:58:34 info: Received File out.pdf vessel 10001
11-Jan-2019, 11:58:35 info: Received File pdfVal - Copy.rar vessel 10001
11-Jan-2019, 11:58:36 info: Received File pdfVal.rar - Copy.gz vessel 10001
11-Jan-2019, 11:58:37 info: Received File pdfVal.rar.gz vessel 10001
11-Jan-2019, 11:58:38 info: Received File role - Copy.docx vessel 10001
11-Jan-2019, 11:58:39 info: Received File pdfVal.rar vessel 10001
11-Jan-2019, 11:58:40 info: Received File role.docx vessel 10001
11-Jan-2019, 11:58:41 info: Received File role.rar vessel 10001
11-Jan-2019, 11:58:42 info: Received File sample - Copy.xlsx vessel 10001
11-Jan-2019, 11:58:42 info: Received File role - Copy.rar vessel 10001
11-Jan-2019, 11:58:47 info: Received File sample.xlsx vessel 10001
11-Jan-2019, 12:59:36 info: User was disconnected transport close
11-Jan-2019, 12:59:38 info: Vessel(10004) client has connected
