10-Jan-2019, 13:14:01 info: Reading Directory
10-Jan-2019, 13:15:30 info: Reading Directory
10-Jan-2019, 13:16:55 info: Reading Directory
10-Jan-2019, 13:17:39 info: Reading Directory
10-Jan-2019, 13:18:11 info: Reading Directory
10-Jan-2019, 13:18:27 info: Reading Directory
10-Jan-2019, 13:19:52 info: Reading Directory
10-Jan-2019, 13:20:09 info: Reading Directory
10-Jan-2019, 13:23:05 info: Reading Directory
10-Jan-2019, 13:24:07 info: Reading Directory
10-Jan-2019, 13:25:30 info: Reading Directory
10-Jan-2019, 13:25:46 info: Reading Directory
10-Jan-2019, 13:27:02 info: Reading Directory
10-Jan-2019, 13:27:22 info: Reading Directory
10-Jan-2019, 13:28:15 info: Reading Directory
10-Jan-2019, 13:29:17 info: Reading Directory
10-Jan-2019, 13:29:59 info: Reading Directory
10-Jan-2019, 13:30:19 info: Reading Directory
10-Jan-2019, 14:15:02 info: Reading Directory
10-Jan-2019, 14:16:56 info: Reading Directory
10-Jan-2019, 14:18:30 info: Reading Directory
10-Jan-2019, 14:21:20 info: Reading Directory
10-Jan-2019, 14:23:11 info: Reading Directory
10-Jan-2019, 14:24:52 info: Reading Directory
10-Jan-2019, 14:26:26 info: Reading Directory
10-Jan-2019, 14:27:04 info: Reading Directory
10-Jan-2019, 14:31:40 info: Reading Directory
10-Jan-2019, 14:32:37 info: Reading Directory
10-Jan-2019, 14:34:04 info: Reading Directory
10-Jan-2019, 14:35:07 info: Reading Directory
10-Jan-2019, 14:35:27 info: Reading Directory
10-Jan-2019, 14:37:34 info: Reading Directory
10-Jan-2019, 14:37:49 info: Reading Directory
10-Jan-2019, 14:38:04 info: Reading Directory
10-Jan-2019, 14:38:19 info: Reading Directory
10-Jan-2019, 14:38:34 info: Reading Directory
10-Jan-2019, 14:38:49 info: Reading Directory
10-Jan-2019, 14:39:15 info: Reading Directory
10-Jan-2019, 14:39:30 info: Reading Directory
10-Jan-2019, 14:39:45 info: Reading Directory
10-Jan-2019, 14:40:00 info: Reading Directory
10-Jan-2019, 14:40:15 info: Reading Directory
10-Jan-2019, 14:40:30 info: Reading Directory
10-Jan-2019, 14:40:45 info: Reading Directory
10-Jan-2019, 14:41:00 info: Reading Directory
10-Jan-2019, 14:41:15 info: Reading Directory
10-Jan-2019, 14:41:30 info: Reading Directory
10-Jan-2019, 14:41:45 info: Reading Directory
10-Jan-2019, 14:42:00 info: Reading Directory
10-Jan-2019, 14:42:15 info: Reading Directory
10-Jan-2019, 14:42:30 info: Reading Directory
10-Jan-2019, 14:42:45 info: Reading Directory
10-Jan-2019, 14:42:45 info: Reading Directory
10-Jan-2019, 14:43:00 info: Reading Directory
10-Jan-2019, 14:43:00 info: Reading Directory
10-Jan-2019, 14:43:09 info: Reading Directory
10-Jan-2019, 14:43:15 info: Reading Directory
10-Jan-2019, 14:43:15 info: Reading Directory
10-Jan-2019, 14:43:24 info: Reading Directory
10-Jan-2019, 14:43:30 info: Reading Directory
10-Jan-2019, 14:43:30 info: Reading Directory
10-Jan-2019, 14:43:39 info: Reading Directory
10-Jan-2019, 14:43:45 info: Reading Directory
10-Jan-2019, 14:43:45 info: Reading Directory
10-Jan-2019, 14:43:54 info: Reading Directory
10-Jan-2019, 14:44:00 info: Reading Directory
10-Jan-2019, 14:44:00 info: Reading Directory
10-Jan-2019, 14:44:09 info: Reading Directory
10-Jan-2019, 14:44:15 info: Reading Directory
10-Jan-2019, 14:44:15 info: Reading Directory
10-Jan-2019, 14:44:24 info: Reading Directory
10-Jan-2019, 14:44:30 info: Reading Directory
10-Jan-2019, 14:44:30 info: Reading Directory
10-Jan-2019, 14:44:39 info: Reading Directory
10-Jan-2019, 14:45:04 info: Reading Directory
10-Jan-2019, 14:45:19 info: Reading Directory
10-Jan-2019, 14:45:34 info: Reading Directory
10-Jan-2019, 14:45:49 info: Reading Directory
10-Jan-2019, 14:45:58 info: Reading Directory
10-Jan-2019, 14:46:04 info: Reading Directory
10-Jan-2019, 14:46:14 info: Reading Directory
10-Jan-2019, 14:46:19 info: Reading Directory
10-Jan-2019, 14:46:29 info: Reading Directory
10-Jan-2019, 14:46:34 info: Reading Directory
10-Jan-2019, 14:46:44 info: Reading Directory
10-Jan-2019, 14:46:49 info: Reading Directory
10-Jan-2019, 14:46:59 info: Reading Directory
10-Jan-2019, 14:47:03 info: Reading Directory
10-Jan-2019, 14:47:04 info: Reading Directory
10-Jan-2019, 14:47:14 info: Reading Directory
10-Jan-2019, 14:48:35 info: Server has received asdf.rar
10-Jan-2019, 14:48:36 info: Server has received crew.png
10-Jan-2019, 14:48:37 info: Server has received gh.pdf
10-Jan-2019, 14:48:38 info: Server has received newPDF.pdf
10-Jan-2019, 14:48:39 info: Server has received out.pdf
10-Jan-2019, 14:48:41 info: Server has received pdfVal.rar
10-Jan-2019, 14:48:42 info: Server has received pdfVal.rar.gz
10-Jan-2019, 14:48:43 info: Server has received role.docx
10-Jan-2019, 14:48:44 info: Server has received role.rar
10-Jan-2019, 14:48:45 info: Server has received sample.xlsx
10-Jan-2019, 14:48:46 info: Server has received saved.rar
10-Jan-2019, 14:48:48 info: Server has received utils.rar
10-Jan-2019, 14:48:50 info: Server has received VESSEL-SHORE.rar
10-Jan-2019, 14:48:51 info: Server has received VESSEL-SHORE.rar
10-Jan-2019, 14:54:29 info: Server has received asdf.rar
10-Jan-2019, 14:54:30 info: Server has received crew.png
10-Jan-2019, 14:54:31 info: Server has received gh.pdf
10-Jan-2019, 14:54:32 info: Server has received out.pdf
10-Jan-2019, 14:54:33 info: Server has received pdfVal.rar
10-Jan-2019, 14:54:34 info: Server has received pdfVal.rar.gz
10-Jan-2019, 14:54:35 info: Server has received role.docx
10-Jan-2019, 14:54:36 info: Server has received role.rar
10-Jan-2019, 14:54:37 info: Server has received sample.xlsx
10-Jan-2019, 14:54:39 info: Server has received saved.rar
10-Jan-2019, 14:54:40 info: Server has received utils.rar
10-Jan-2019, 14:54:42 info: Server has received VESSEL-SHORE.rar
10-Jan-2019, 14:54:44 info: Server has received newPDF.pdf
10-Jan-2019, 14:59:58 info: Server has received asdf.rar
10-Jan-2019, 15:00:00 info: Server has received crew.png
10-Jan-2019, 15:00:01 info: Server has received gh.pdf
10-Jan-2019, 15:00:02 info: Server has received newPDF.pdf
10-Jan-2019, 15:00:03 info: Server has received out.pdf
10-Jan-2019, 15:00:04 info: Server has received pdfVal.rar
10-Jan-2019, 15:00:05 info: Server has received pdfVal.rar.gz
10-Jan-2019, 15:00:06 info: Server has received role.docx
10-Jan-2019, 15:00:08 info: Server has received role.rar
10-Jan-2019, 15:00:09 info: Server has received sample.xlsx
10-Jan-2019, 15:00:10 info: Server has received saved.rar
10-Jan-2019, 15:00:11 info: Server has received utils.rar
10-Jan-2019, 15:00:13 info: Server has received VESSEL-SHORE.rar
10-Jan-2019, 15:00:14 info: Server has received VESSEL-SHORE.rar
10-Jan-2019, 15:00:14 error: ENOENT: no such file or directory, unlink 'D:\Communication\websockets\socketClient\communication\sendFiles\VESSEL-SHORE.rar'
10-Jan-2019, 15:08:16 info: Server has received asdf.rar
10-Jan-2019, 15:08:17 info: Server has received crew.png
10-Jan-2019, 15:08:19 info: Server has received gh.pdf
10-Jan-2019, 15:08:20 info: Server has received newPDF.pdf
10-Jan-2019, 15:08:21 info: Server has received out.pdf
10-Jan-2019, 15:08:22 info: Server has received pdfVal.rar
10-Jan-2019, 15:08:23 info: Server has received pdfVal.rar.gz
10-Jan-2019, 15:08:24 info: Server has received role.docx
10-Jan-2019, 15:08:25 info: Server has received role.rar
10-Jan-2019, 15:08:26 info: Server has received sample.xlsx
10-Jan-2019, 15:08:28 info: Server has received saved.rar
10-Jan-2019, 15:32:45 info: Server has received asdf - Copy.rar
10-Jan-2019, 15:32:47 info: Server has received asdf.rar
10-Jan-2019, 15:32:48 info: Server has received crew - Copy.png
10-Jan-2019, 15:32:49 info: Server has received crew.png
10-Jan-2019, 15:32:50 info: Server has received gh - Copy.pdf
10-Jan-2019, 15:32:51 info: Server has received gh.pdf
10-Jan-2019, 15:32:52 info: Server has received newPDF - Copy.pdf
10-Jan-2019, 15:32:53 info: Server has received newPDF.pdf
10-Jan-2019, 15:32:54 info: Server has received out - Copy.pdf
10-Jan-2019, 15:32:55 info: Server has received out.pdf
10-Jan-2019, 15:32:57 info: Server has received pdfVal - Copy.rar
10-Jan-2019, 15:32:58 info: Server has received pdfVal.rar
10-Jan-2019, 15:32:59 info: Server has received pdfVal.rar - Copy.gz
10-Jan-2019, 15:33:00 info: Server has received pdfVal.rar.gz
10-Jan-2019, 15:33:01 info: Server has received role - Copy.rar
10-Jan-2019, 15:33:02 info: Server has received role.docx
10-Jan-2019, 15:33:03 info: Server has received role.rar
10-Jan-2019, 15:33:04 info: Server has received sample - Copy.xlsx
10-Jan-2019, 15:33:05 info: Server has received sample.xlsx
10-Jan-2019, 15:33:15 info: Server has received role - Copy.docx
10-Jan-2019, 15:37:13 info: Server has received asdf - Copy.rar
10-Jan-2019, 15:37:15 info: Server has received asdf.rar
10-Jan-2019, 15:37:16 info: Server has received crew - Copy.png
10-Jan-2019, 15:37:17 info: Server has received crew.png
10-Jan-2019, 15:37:18 info: Server has received gh - Copy.pdf
10-Jan-2019, 15:37:19 info: Server has received gh.pdf
10-Jan-2019, 15:37:20 info: Server has received newPDF - Copy.pdf
10-Jan-2019, 15:37:21 info: Server has received newPDF.pdf
10-Jan-2019, 15:37:22 info: Server has received out - Copy.pdf
10-Jan-2019, 15:37:23 info: Server has received out.pdf
10-Jan-2019, 15:37:25 info: Server has received pdfVal - Copy.rar
10-Jan-2019, 15:37:26 info: Server has received pdfVal.rar
10-Jan-2019, 15:37:27 info: Server has received pdfVal.rar - Copy.gz
10-Jan-2019, 15:37:28 info: Server has received pdfVal.rar.gz
10-Jan-2019, 15:37:29 info: Server has received role - Copy.rar
10-Jan-2019, 15:37:30 info: Server has received role.docx
10-Jan-2019, 15:37:31 info: Server has received role.rar
10-Jan-2019, 15:37:32 info: Server has received sample - Copy.xlsx
10-Jan-2019, 15:37:33 info: Server has received sample.xlsx
10-Jan-2019, 15:37:43 info: Server has received role - Copy.docx
10-Jan-2019, 15:46:07 info: Server has received asdf - Copy.rar
10-Jan-2019, 15:46:08 info: Server has received asdf.rar
10-Jan-2019, 15:46:09 info: Server has received crew - Copy.png
10-Jan-2019, 15:46:10 info: Server has received crew.png
10-Jan-2019, 15:46:12 info: Server has received gh - Copy.pdf
10-Jan-2019, 15:46:13 info: Server has received gh.pdf
10-Jan-2019, 15:46:14 info: Server has received newPDF - Copy.pdf
10-Jan-2019, 15:46:15 info: Server has received newPDF.pdf
10-Jan-2019, 15:46:16 info: Server has received out - Copy.pdf
10-Jan-2019, 15:46:17 info: Server has received out.pdf
10-Jan-2019, 15:46:18 info: Server has received pdfVal - Copy.rar
10-Jan-2019, 15:46:20 info: Server has received pdfVal.rar
10-Jan-2019, 15:46:21 info: Server has received pdfVal.rar - Copy.gz
10-Jan-2019, 15:46:22 info: Server has received pdfVal.rar.gz
10-Jan-2019, 15:46:23 info: Server has received role - Copy.rar
10-Jan-2019, 15:46:24 info: Server has received role.docx
10-Jan-2019, 15:46:25 info: Server has received role.rar
10-Jan-2019, 15:46:26 info: Server has received sample - Copy.xlsx
10-Jan-2019, 15:46:27 info: Server has received sample.xlsx
10-Jan-2019, 15:46:36 info: Server has received role - Copy.docx
10-Jan-2019, 15:48:07 info: Server has received asdf - Copy.rar
10-Jan-2019, 15:48:07 info: Server has received asdf - Copy.rar
10-Jan-2019, 15:48:07 error: ENOENT: no such file or directory, unlink 'D:\Vessel3\communication\sendFiles\asdf - Copy.rar'
10-Jan-2019, 15:48:08 info: Server has received asdf.rar
10-Jan-2019, 15:48:09 info: Server has received crew - Copy.png
10-Jan-2019, 15:48:10 info: Server has received crew.png
10-Jan-2019, 15:48:11 info: Server has received gh - Copy.pdf
10-Jan-2019, 15:48:13 info: Server has received gh.pdf
10-Jan-2019, 15:48:14 info: Server has received newPDF - Copy.pdf
10-Jan-2019, 15:48:15 info: Server has received newPDF.pdf
10-Jan-2019, 15:48:16 info: Server has received out - Copy.pdf
10-Jan-2019, 15:48:17 info: Server has received out.pdf
10-Jan-2019, 15:48:18 info: Server has received pdfVal - Copy.rar
10-Jan-2019, 15:48:19 info: Server has received pdfVal.rar
10-Jan-2019, 15:48:21 info: Server has received pdfVal.rar - Copy.gz
10-Jan-2019, 15:48:21 info: Server has received pdfVal.rar.gz
10-Jan-2019, 15:48:21 info: Server has received role - Copy.docx
10-Jan-2019, 15:48:22 info: Server has received role - Copy.rar
10-Jan-2019, 15:48:22 info: Server has received role.rar
10-Jan-2019, 15:48:24 info: Server has received sample.xlsx
10-Jan-2019, 15:48:36 info: Server has received role.docx
10-Jan-2019, 15:48:36 info: Server has received sample - Copy.xlsx
10-Jan-2019, 16:05:00 info: Server has received asdf - Copy.rar
10-Jan-2019, 16:05:01 info: Server has received asdf.rar
10-Jan-2019, 16:05:02 info: Server has received crew - Copy.png
10-Jan-2019, 16:05:03 info: Server has received crew.png
10-Jan-2019, 16:05:04 info: Server has received gh - Copy.pdf
10-Jan-2019, 16:05:05 info: Server has received gh.pdf
10-Jan-2019, 16:05:06 info: Server has received newPDF - Copy.pdf
10-Jan-2019, 16:05:08 info: Server has received newPDF.pdf
10-Jan-2019, 16:05:09 info: Server has received out - Copy.pdf
10-Jan-2019, 16:05:10 info: Server has received out.pdf
10-Jan-2019, 16:05:11 info: Server has received pdfVal - Copy.rar
10-Jan-2019, 16:05:12 info: Server has received pdfVal.rar
10-Jan-2019, 16:05:13 info: Server has received pdfVal.rar - Copy.gz
10-Jan-2019, 16:05:15 info: Server has received pdfVal.rar.gz
10-Jan-2019, 16:05:16 info: Server has received role - Copy.docx
10-Jan-2019, 16:05:17 info: Server has received role - Copy.rar
10-Jan-2019, 16:05:18 info: Server has received role.docx
10-Jan-2019, 16:05:19 info: Server has received role.rar
10-Jan-2019, 16:05:20 info: Server has received sample - Copy.xlsx
10-Jan-2019, 16:05:21 info: Server has received sample.xlsx
10-Jan-2019, 16:15:20 info: Server has received asdf - Copy.rar
10-Jan-2019, 16:15:22 info: Server has received asdf.rar
10-Jan-2019, 16:15:23 info: Server has received crew - Copy.png
10-Jan-2019, 16:15:24 info: Server has received crew.png
10-Jan-2019, 16:15:25 info: Server has received gh - Copy.pdf
10-Jan-2019, 16:15:26 info: Server has received gh.pdf
10-Jan-2019, 16:15:27 info: Server has received newPDF - Copy.pdf
10-Jan-2019, 16:15:28 info: Server has received newPDF.pdf
10-Jan-2019, 16:15:30 info: Server has received out - Copy.pdf
10-Jan-2019, 16:15:31 info: Server has received out.pdf
10-Jan-2019, 16:15:32 info: Server has received pdfVal - Copy.rar
10-Jan-2019, 16:15:33 info: Server has received pdfVal.rar
10-Jan-2019, 16:15:34 info: Server has received pdfVal.rar - Copy.gz
10-Jan-2019, 16:15:36 info: Server has received pdfVal.rar.gz
10-Jan-2019, 16:15:37 info: Server has received role - Copy.docx
10-Jan-2019, 16:15:38 info: Server has received role - Copy.rar
10-Jan-2019, 16:15:39 info: Server has received role.docx
10-Jan-2019, 16:15:40 info: Server has received role.rar
10-Jan-2019, 16:15:41 info: Server has received sample - Copy.xlsx
10-Jan-2019, 16:15:42 info: Server has received sample.xlsx
10-Jan-2019, 16:25:20 info: Server has received asdf - Copy.rar
10-Jan-2019, 16:25:22 info: Server has received asdf.rar
10-Jan-2019, 16:25:23 info: Server has received crew - Copy.png
10-Jan-2019, 16:25:24 info: Server has received crew.png
10-Jan-2019, 16:25:25 info: Server has received gh - Copy.pdf
10-Jan-2019, 16:25:26 info: Server has received gh.pdf
10-Jan-2019, 16:25:27 info: Server has received newPDF - Copy.pdf
10-Jan-2019, 16:25:28 info: Server has received newPDF.pdf
10-Jan-2019, 16:25:30 info: Server has received out - Copy.pdf
10-Jan-2019, 16:25:31 info: Server has received out.pdf
10-Jan-2019, 16:25:32 info: Server has received pdfVal - Copy.rar
10-Jan-2019, 16:25:33 info: Server has received pdfVal.rar
10-Jan-2019, 16:25:34 info: Server has received pdfVal.rar - Copy.gz
10-Jan-2019, 16:25:36 info: Server has received pdfVal.rar.gz
10-Jan-2019, 16:25:37 info: Server has received role - Copy.docx
10-Jan-2019, 16:25:38 info: Server has received role - Copy.rar
10-Jan-2019, 16:25:39 info: Server has received role.docx
10-Jan-2019, 16:25:40 info: Server has received role.rar
10-Jan-2019, 16:28:51 info: Server has received asdf - Copy.rar
10-Jan-2019, 16:28:52 info: Server has received asdf.rar
10-Jan-2019, 16:28:53 info: Server has received crew - Copy.png
10-Jan-2019, 16:28:54 info: Server has received crew.png
10-Jan-2019, 16:28:55 info: Server has received gh - Copy.pdf
10-Jan-2019, 16:28:56 info: Server has received gh.pdf
10-Jan-2019, 16:28:57 info: Server has received newPDF - Copy.pdf
10-Jan-2019, 16:28:59 info: Server has received newPDF.pdf
10-Jan-2019, 16:29:00 info: Server has received out - Copy.pdf
10-Jan-2019, 16:29:01 info: Server has received out.pdf
10-Jan-2019, 16:29:02 info: Server has received pdfVal - Copy.rar
10-Jan-2019, 16:29:03 info: Server has received pdfVal.rar
10-Jan-2019, 16:29:04 info: Server has received pdfVal.rar - Copy.gz
10-Jan-2019, 16:29:06 info: Server has received pdfVal.rar.gz
10-Jan-2019, 16:29:07 info: Server has received role - Copy.docx
10-Jan-2019, 16:29:08 info: Server has received role - Copy.rar
10-Jan-2019, 16:29:09 info: Server has received role.docx
10-Jan-2019, 16:29:10 info: Server has received role.rar
10-Jan-2019, 16:36:51 info: Server has received asdf - Copy.rar
10-Jan-2019, 16:36:52 info: Server has received asdf.rar
10-Jan-2019, 16:36:53 info: Server has received crew - Copy.png
10-Jan-2019, 16:36:54 info: Server has received crew.png
10-Jan-2019, 16:36:55 info: Server has received gh - Copy.pdf
10-Jan-2019, 16:36:56 info: Server has received gh.pdf
10-Jan-2019, 16:36:57 info: Server has received newPDF - Copy.pdf
10-Jan-2019, 16:36:59 info: Server has received newPDF.pdf
10-Jan-2019, 16:37:00 info: Server has received out - Copy.pdf
10-Jan-2019, 16:37:01 info: Server has received out.pdf
10-Jan-2019, 16:37:02 info: Server has received pdfVal - Copy.rar
10-Jan-2019, 16:37:03 info: Server has received pdfVal.rar
10-Jan-2019, 16:37:04 info: Server has received pdfVal.rar - Copy.gz
10-Jan-2019, 16:37:06 info: Server has received pdfVal.rar.gz
10-Jan-2019, 16:37:07 info: Server has received role - Copy.docx
10-Jan-2019, 16:37:08 info: Server has received role - Copy.rar
10-Jan-2019, 16:37:09 info: Server has received role.docx
10-Jan-2019, 16:37:10 info: Server has received role.rar
10-Jan-2019, 16:37:11 info: Server has received sample - Copy.xlsx
10-Jan-2019, 16:37:12 info: Server has received sample.xlsx
10-Jan-2019, 16:46:51 info: Server has received asdf - Copy.rar
10-Jan-2019, 16:46:52 info: Server has received asdf.rar
10-Jan-2019, 16:46:53 info: Server has received crew - Copy.png
10-Jan-2019, 16:46:54 info: Server has received crew.png
10-Jan-2019, 16:46:55 info: Server has received gh - Copy.pdf
10-Jan-2019, 16:46:56 info: Server has received gh.pdf
10-Jan-2019, 16:46:58 info: Server has received newPDF - Copy.pdf
10-Jan-2019, 16:46:59 info: Server has received newPDF.pdf
10-Jan-2019, 16:47:00 info: Server has received out - Copy.pdf
10-Jan-2019, 16:47:01 info: Server has received out.pdf
10-Jan-2019, 16:47:02 info: Server has received pdfVal - Copy.rar
10-Jan-2019, 16:47:03 info: Server has received pdfVal.rar
10-Jan-2019, 16:47:04 info: Server has received pdfVal.rar - Copy.gz
10-Jan-2019, 16:47:06 info: Server has received pdfVal.rar.gz
10-Jan-2019, 16:47:07 info: Server has received role - Copy.docx
10-Jan-2019, 16:47:08 info: Server has received role - Copy.rar
10-Jan-2019, 16:47:09 info: Server has received role.docx
10-Jan-2019, 16:47:10 info: Server has received role.rar
10-Jan-2019, 16:47:11 info: Server has received sample - Copy.xlsx
10-Jan-2019, 16:47:12 info: Server has received sample.xlsx
10-Jan-2019, 17:02:50 info: Server has received out.pdf
10-Jan-2019, 17:02:52 info: Server has received pdfVal - Copy.rar
10-Jan-2019, 17:02:53 info: Server has received pdfVal.rar
10-Jan-2019, 17:02:54 info: Server has received pdfVal.rar - Copy.gz
10-Jan-2019, 17:02:55 info: Server has received pdfVal.rar.gz
10-Jan-2019, 17:02:56 info: Server has received role - Copy.docx
10-Jan-2019, 17:02:57 info: Server has received role - Copy.rar
10-Jan-2019, 17:02:58 info: Server has received role.docx
10-Jan-2019, 17:02:59 info: Server has received role.rar
10-Jan-2019, 17:03:00 info: Server has received sample - Copy.xlsx
10-Jan-2019, 17:03:02 info: Server has received sample.xlsx
10-Jan-2019, 17:42:21 info: Server has received crew - Copy.png
10-Jan-2019, 17:42:22 info: Server has received gh - Copy.pdf
10-Jan-2019, 17:42:23 info: Server has received gh.pdf
10-Jan-2019, 17:42:24 info: Server has received newPDF - Copy.pdf
10-Jan-2019, 17:42:25 info: Server has received newPDF.pdf
10-Jan-2019, 17:42:26 info: Server has received out - Copy.pdf
10-Jan-2019, 17:42:27 info: Server has received out.pdf
10-Jan-2019, 17:42:28 info: Server has received role - Copy.docx
10-Jan-2019, 17:42:29 info: Server has received role.docx
10-Jan-2019, 17:42:30 info: Server has received sample - Copy.xlsx
10-Jan-2019, 17:42:31 info: Server has received sample.xlsx
10-Jan-2019, 17:43:21 info: Server has received asdf - Copy.rar
10-Jan-2019, 17:43:23 info: Server has received asdf.rar
10-Jan-2019, 17:43:24 info: Server has received crew.png
10-Jan-2019, 17:43:25 info: Server has received pdfVal - Copy.rar
10-Jan-2019, 17:43:26 info: Server has received pdfVal.rar
10-Jan-2019, 17:43:27 info: Server has received pdfVal.rar - Copy.gz
10-Jan-2019, 17:43:28 info: Server has received pdfVal.rar.gz
10-Jan-2019, 17:43:29 info: Server has received role - Copy.rar
10-Jan-2019, 17:43:30 info: Server has received role.rar
