11-Jan-2019, 10:42:06 info: Server is up in port 8050
11-Jan-2019, 11:02:46 info: true
11-Jan-2019, 11:02:46 info: Server is up in port 8050
11-Jan-2019, 11:02:56 info: true
11-Jan-2019, 11:02:56 info: Server is up in port 8050
11-Jan-2019, 11:04:40 info: true
11-Jan-2019, 11:04:40 info: Server is up in port 8050
11-Jan-2019, 11:05:44 info: D:\Communication\websockets\final_socket_client\communication\/[123456789]+/\sendFiles\
11-Jan-2019, 11:05:44 info: Server is up in port 8050
11-Jan-2019, 11:14:07 info: D:\Communication\websockets\final_socket_client\communication\/[123456789]+/\sendFiles\
11-Jan-2019, 11:14:07 info: [object Object],[object Object],[object Object],[object Object],[object Object],[object Object]
11-Jan-2019, 11:14:07 info: Server is up in port 8050
11-Jan-2019, 11:14:33 info: D:\Communication\websockets\final_socket_client\communication\/[123456789]+/\sendFiles\
11-Jan-2019, 11:14:33 info: D:\Communication\websockets\final_socket_client\communication\10003\receivedFiles
11-Jan-2019, 11:14:34 info: Server is up in port 8050
11-Jan-2019, 11:14:47 info: D:\Communication\websockets\final_socket_client\communication\/[123456789]+/\sendFiles\
11-Jan-2019, 11:14:47 info: D:\Communication\websockets\final_socket_client\communication\10003
11-Jan-2019, 11:14:47 info: Server is up in port 8050
11-Jan-2019, 11:16:03 info: D:\Communication\websockets\final_socket_client\communication\/[123456789]+/\sendFiles\
11-Jan-2019, 11:16:03 info: D:\Communication\websockets\final_socket_client\communication\10003
11-Jan-2019, 11:16:03 info: Server is up in port 8050
11-Jan-2019, 11:17:23 info: \sendFiles\
11-Jan-2019, 11:17:23 info: D:\Communication\websockets\final_socket_client\communication\10003
11-Jan-2019, 11:17:23 info: Server is up in port 8050
11-Jan-2019, 11:20:31 info: \sendFiles\
11-Jan-2019, 11:20:31 info: D:\Communication\websockets\final_socket_client\communication\10003
11-Jan-2019, 11:20:31 info: D:\Communication\websockets\final_socket_client\communication\10003\receivedFiles
11-Jan-2019, 11:20:31 info: D:\Communication\websockets\final_socket_client\communication\10003\sendFiles
11-Jan-2019, 11:20:31 info: D:\Communication\websockets\final_socket_client\communication\10004
11-Jan-2019, 11:20:31 info: D:\Communication\websockets\final_socket_client\communication\10004\receivedFiles
11-Jan-2019, 11:20:31 info: D:\Communication\websockets\final_socket_client\communication\10004\sendFiles
11-Jan-2019, 11:20:31 info: Server is up in port 8050
11-Jan-2019, 11:20:34 info: \sendFiles\
11-Jan-2019, 11:20:34 info: D:\Communication\websockets\final_socket_client\communication\10003
11-Jan-2019, 11:20:34 info: D:\Communication\websockets\final_socket_client\communication\10003\receivedFiles
11-Jan-2019, 11:20:34 info: D:\Communication\websockets\final_socket_client\communication\10003\sendFiles
11-Jan-2019, 11:20:34 info: D:\Communication\websockets\final_socket_client\communication\10004
11-Jan-2019, 11:20:34 info: D:\Communication\websockets\final_socket_client\communication\10004\receivedFiles
11-Jan-2019, 11:20:34 info: D:\Communication\websockets\final_socket_client\communication\10004\sendFiles
11-Jan-2019, 11:20:34 info: Server is up in port 8050
11-Jan-2019, 11:21:06 info: \sendFiles\
11-Jan-2019, 11:21:06 info: D:\Communication\websockets\final_socket_client\communication\10003
11-Jan-2019, 11:21:06 info: D:\Communication\websockets\final_socket_client\communication\10003\receivedFiles
11-Jan-2019, 11:21:06 info: D:\Communication\websockets\final_socket_client\communication\10003\sendFiles
11-Jan-2019, 11:21:06 info: D:\Communication\websockets\final_socket_client\communication\10004
11-Jan-2019, 11:21:06 info: D:\Communication\websockets\final_socket_client\communication\10004\receivedFiles
11-Jan-2019, 11:21:06 info: D:\Communication\websockets\final_socket_client\communication\10004\sendFiles
11-Jan-2019, 11:21:06 info: Server is up in port 8050
11-Jan-2019, 11:24:13 info: sendFiles
11-Jan-2019, 11:24:13 info: 10003
11-Jan-2019, 11:24:13 info: 10004
11-Jan-2019, 11:24:13 info: Server is up in port 8050
11-Jan-2019, 11:24:43 info: sendFiles
11-Jan-2019, 11:24:43 info: 10003sendFiles
11-Jan-2019, 11:24:43 info: 10004sendFiles
11-Jan-2019, 11:24:43 info: Server is up in port 8050
11-Jan-2019, 11:24:54 info: sendFiles
11-Jan-2019, 11:24:54 info: 10003
11-Jan-2019, 11:24:54 info: 10004
11-Jan-2019, 11:24:54 info: Server is up in port 8050
11-Jan-2019, 11:25:08 info: 10003
11-Jan-2019, 11:25:08 info: 10004
11-Jan-2019, 11:25:08 info: Server is up in port 8050
11-Jan-2019, 11:25:30 info: 10003
11-Jan-2019, 11:25:30 info: 10004
11-Jan-2019, 11:25:30 info: Server is up in port 8050
11-Jan-2019, 11:26:35 info: Server is up in port 8050
11-Jan-2019, 11:27:39 info: Server is up in port 8050
11-Jan-2019, 11:28:47 info: communication
11-Jan-2019, 11:28:47 info: 10003
11-Jan-2019, 11:28:47 info: 10003
11-Jan-2019, 11:28:47 info: communication
11-Jan-2019, 11:28:47 info: 10004
11-Jan-2019, 11:28:47 info: 10004
11-Jan-2019, 11:28:47 info: Sending File - asdf - Copy.rar
11-Jan-2019, 11:28:47 info: Sending File - asdf - Copy.rar
11-Jan-2019, 11:28:47 info: Sending File - asdf - Copy.rar
11-Jan-2019, 11:28:47 info: Sending File - asdf - Copy.rar
11-Jan-2019, 11:28:48 info: Server has received asdf - Copy.rar
11-Jan-2019, 11:28:49 info: Server has received asdf - Copy.rar
11-Jan-2019, 11:28:49 info: Sending File - asdf.rar
11-Jan-2019, 11:28:49 info: Server has received asdf - Copy.rar
11-Jan-2019, 11:28:50 info: Server has received asdf - Copy.rar
11-Jan-2019, 11:28:50 info: Server has received asdf.rar
11-Jan-2019, 11:28:50 info: Sending File - crew - Copy.png
11-Jan-2019, 11:28:51 info: Server has received crew - Copy.png
11-Jan-2019, 11:28:51 info: Sending File - crew.png
11-Jan-2019, 11:28:51 info: Server has received crew.png
11-Jan-2019, 11:28:52 info: Sending File - gh - Copy.pdf
11-Jan-2019, 11:28:52 info: Server has received gh - Copy.pdf
11-Jan-2019, 11:28:52 info: Sending File - gh.pdf
11-Jan-2019, 11:28:53 info: Server has received gh.pdf
11-Jan-2019, 11:28:53 info: Sending File - newPDF - Copy.pdf
11-Jan-2019, 11:28:53 info: Server has received newPDF - Copy.pdf
11-Jan-2019, 11:28:54 info: Sending File - newPDF.pdf
11-Jan-2019, 11:28:54 info: Server has received newPDF.pdf
11-Jan-2019, 11:28:54 info: Sending File - out - Copy.pdf
11-Jan-2019, 11:28:54 info: Server has received out - Copy.pdf
11-Jan-2019, 11:28:55 info: Sending File - out.pdf
11-Jan-2019, 11:28:55 info: Server has received out.pdf
11-Jan-2019, 11:28:55 info: Sending File - pdfVal - Copy.rar
11-Jan-2019, 11:28:56 info: Server has received pdfVal - Copy.rar
11-Jan-2019, 11:28:56 info: Sending File - pdfVal.rar
11-Jan-2019, 11:28:56 info: Server has received pdfVal.rar
11-Jan-2019, 11:28:57 info: Sending File - pdfVal.rar - Copy.gz
11-Jan-2019, 11:28:57 info: Server has received pdfVal.rar - Copy.gz
11-Jan-2019, 11:28:57 info: Sending File - pdfVal.rar.gz
11-Jan-2019, 11:28:58 info: Server has received pdfVal.rar.gz
11-Jan-2019, 11:28:58 info: Sending File - role - Copy.docx
11-Jan-2019, 11:28:58 info: Server has received role - Copy.docx
11-Jan-2019, 11:28:59 info: Sending File - role - Copy.rar
11-Jan-2019, 11:28:59 info: Server has received role - Copy.rar
11-Jan-2019, 11:28:59 info: Sending File - role.docx
11-Jan-2019, 11:28:59 info: Server has received role.docx
11-Jan-2019, 11:29:00 info: Sending File - role.rar
11-Jan-2019, 11:29:00 info: Server has received role.rar
11-Jan-2019, 11:29:00 info: Sending File - sample - Copy.xlsx
11-Jan-2019, 11:29:00 info: Server has received sample - Copy.xlsx
11-Jan-2019, 11:29:01 info: Sending File - sample.xlsx
11-Jan-2019, 11:29:01 info: Server has received sample.xlsx
11-Jan-2019, 11:29:17 info: Sending File - crew - Copy.png
11-Jan-2019, 11:29:17 info: Sending File - crew - Copy.png
11-Jan-2019, 11:29:17 info: Sending File - asdf.rar
11-Jan-2019, 11:29:17 info: Sending File - asdf.rar
11-Jan-2019, 11:29:17 info: Server has received crew - Copy.png
11-Jan-2019, 11:29:17 info: Server has received crew - Copy.png
11-Jan-2019, 11:29:18 info: Server has received asdf.rar
11-Jan-2019, 11:29:18 info: Sending File - gh - Copy.pdf
11-Jan-2019, 11:29:19 info: Sending File - gh.pdf
11-Jan-2019, 11:29:19 info: Server has received asdf.rar
11-Jan-2019, 11:29:19 info: Server has received gh - Copy.pdf
11-Jan-2019, 11:29:19 info: Server has received gh.pdf
11-Jan-2019, 11:29:20 info: Sending File - out - Copy.pdf
11-Jan-2019, 11:29:20 info: Server has received out - Copy.pdf
11-Jan-2019, 11:29:20 info: Sending File - out.pdf
11-Jan-2019, 11:29:20 info: Server has received out.pdf
11-Jan-2019, 11:29:21 info: Sending File - pdfVal.rar - Copy.gz
11-Jan-2019, 11:29:21 info: Sending File - pdfVal.rar.gz
11-Jan-2019, 11:29:22 info: Server has received pdfVal.rar - Copy.gz
11-Jan-2019, 11:29:22 info: Server has received pdfVal.rar.gz
11-Jan-2019, 11:29:23 info: Sending File - role.docx
11-Jan-2019, 11:29:23 info: Server has received role.docx
11-Jan-2019, 11:29:23 info: Sending File - role.rar
11-Jan-2019, 11:29:23 info: Server has received role.rar
11-Jan-2019, 11:29:47 info: Sending File - newPDF - Copy.pdf
11-Jan-2019, 11:29:47 info: Sending File - newPDF - Copy.pdf
11-Jan-2019, 11:29:47 info: Sending File - crew.png
11-Jan-2019, 11:29:47 info: Server has received newPDF - Copy.pdf
11-Jan-2019, 11:29:47 info: Sending File - crew.png
11-Jan-2019, 11:29:47 info: Server has received newPDF - Copy.pdf
11-Jan-2019, 11:29:47 info: Server has received crew.png
11-Jan-2019, 11:29:47 info: Server has received crew.png
11-Jan-2019, 11:29:48 info: Sending File - pdfVal - Copy.rar
11-Jan-2019, 11:29:48 info: Sending File - pdfVal.rar
11-Jan-2019, 11:29:49 info: Server has received pdfVal - Copy.rar
11-Jan-2019, 11:29:49 info: Server has received pdfVal.rar
11-Jan-2019, 11:29:50 info: Sending File - sample - Copy.xlsx
11-Jan-2019, 11:29:50 info: Server has received sample - Copy.xlsx
11-Jan-2019, 11:29:50 info: Sending File - sample.xlsx
11-Jan-2019, 11:29:50 info: Server has received sample.xlsx
11-Jan-2019, 11:30:32 info: Server is up in port 8050
11-Jan-2019, 11:30:33 info: 10003
11-Jan-2019, 11:30:33 info: 10004
11-Jan-2019, 11:30:33 info: Sending File - role - Copy.docx
11-Jan-2019, 11:30:33 info: Sending File - newPDF.pdf
11-Jan-2019, 11:30:33 info: Server has received role - Copy.docx
11-Jan-2019, 11:30:33 info: Server has received newPDF.pdf
11-Jan-2019, 11:30:34 info: Sending File - role - Copy.rar
11-Jan-2019, 11:30:34 info: Server has received role - Copy.rar
11-Jan-2019, 11:31:03 info: Sending File - final-socket-client.rar
11-Jan-2019, 11:31:03 info: Server has received final-socket-client.rar
11-Jan-2019, 11:31:53 info: Server is up in port 8050
11-Jan-2019, 11:31:55 info: 10003
11-Jan-2019, 11:31:55 info: 10004
11-Jan-2019, 11:31:55 info: Sending File - final_s12ocket_client.rar
11-Jan-2019, 11:31:55 info: Server has received final_s12ocket_client.rar
11-Jan-2019, 11:32:26 info: Server is up in port 8050
11-Jan-2019, 11:32:27 info: 10003
11-Jan-2019, 11:32:27 info: 10004
11-Jan-2019, 11:32:27 info: Sending File - final_s12ocket_client.rar
11-Jan-2019, 11:32:27 info: Server has received final_s12ocket_client.rar
11-Jan-2019, 11:32:35 info: Server is up in port 8050
11-Jan-2019, 11:32:36 info: 10003
11-Jan-2019, 11:32:36 info: 10004
11-Jan-2019, 11:33:06 info: Sending File - final_s12ocket_client.rar
11-Jan-2019, 11:33:06 info: Sending File - final_s12ocket_client.rar
11-Jan-2019, 11:33:06 info: Server has received final_s12ocket_client.rar
11-Jan-2019, 11:33:06 info: Server has received final_s12ocket_client.rar
11-Jan-2019, 11:33:36 info: Sending File - final-socket-client.rar
11-Jan-2019, 11:33:36 info: Server has received final-socket-client.rar
11-Jan-2019, 11:33:37 info: Sending File - final_s12ocket_client.rar
11-Jan-2019, 11:33:37 info: Server has received final_s12ocket_client.rar
11-Jan-2019, 11:33:38 info: Sending File - final_socket_client1.rar
11-Jan-2019, 11:34:06 info: Client Disconnected
11-Jan-2019, 11:34:07 info: Sending File - final_socket_client1.rar
11-Jan-2019, 11:49:46 info: Server is up in port 8050
11-Jan-2019, 11:49:47 info: 10003
11-Jan-2019, 11:49:47 info: 10004
11-Jan-2019, 11:49:47 info: Sending File - final_socket_client1.rar
11-Jan-2019, 11:50:16 info: Client Disconnected
11-Jan-2019, 11:50:17 info: Sending File - final_s12ocket_client.rar
11-Jan-2019, 11:50:17 info: Sending File - final_s12ocket_client.rar
11-Jan-2019, 11:50:17 info: Server has received final_s12ocket_client.rar
11-Jan-2019, 11:50:17 info: Server has received final_s12ocket_client.rar
11-Jan-2019, 11:50:18 info: 10003
11-Jan-2019, 11:50:18 info: 10004
11-Jan-2019, 11:50:18 info: Sending File - final_socket_client1.rar
